This is pdfTeX, Version 3.141592653-2.6-1.40.26 (TeX Live 2024) (preloaded format=pdflatex 2024.11.15)  20 FEB 2025 00:53
entering extended mode
 restricted \write18 enabled.
 file:line:error style messages enabled.
 %&-line parsing enabled.
**"c:/Users/Hugo/OneDrive/Desktop/Entregas/EntregasMaster/07.1. Minería de datos/HugoGomezSabucedo.tex"
(c:/Users/Hugo/OneDrive/Desktop/Entregas/EntregasMaster/07.1. Minería de datos/HugoGomezSabucedo.tex
LaTeX2e <2024-11-01>
L3 programming layer <2024-11-02>
(c:/texlive/2024/texmf-dist/tex/latex/extsizes/extarticle.cls
Document Class: extarticle 1996/10/08 v1.0 Non Standard LaTeX document class
(c:/texlive/2024/texmf-dist/tex/latex/base/size10.clo
File: size10.clo 2024/06/29 v1.4n Standard LaTeX file (size option)
) (c:/texlive/2024/texmf-dist/tex/latex/base/exscale.sty
Package: exscale 2018/09/24 v2.1i Standard LaTeX package exscale
LaTeX Font Info:    Redeclaring symbol font `largesymbols' on input line 57.
LaTeX Font Info:    Overwriting symbol font `largesymbols' in version `normal'
(Font)                  OMX/cmex/m/n --> OMX/cmex/m/n on input line 57.
LaTeX Font Info:    Overwriting symbol font `largesymbols' in version `bold'
(Font)                  OMX/cmex/m/n --> OMX/cmex/m/n on input line 57.
\big@size=\dimen141
)
\c@part=\count196
\c@section=\count197
\c@subsection=\count198
\c@subsubsection=\count199
\c@paragraph=\count266
\c@subparagraph=\count267
\c@figure=\count268
\c@table=\count269
\abovecaptionskip=\skip49
\belowcaptionskip=\skip50
\bibindent=\dimen142
) (c:/texlive/2024/texmf-dist/tex/latex/geometry/geometry.sty
Package: geometry 2020/01/02 v5.9 Page Geometry
 (c:/texlive/2024/texmf-dist/tex/latex/graphics/keyval.sty
Package: keyval 2022/05/29 v1.15 key=value parser (DPC)
\KV@toks@=\toks17
) (c:/texlive/2024/texmf-dist/tex/generic/iftex/ifvtex.sty
Package: ifvtex 2019/10/25 v1.7 ifvtex legacy package. Use iftex instead.
 (c:/texlive/2024/texmf-dist/tex/generic/iftex/iftex.sty
Package: iftex 2024/12/12 v1.0g TeX engine tests
))
\Gm@cnth=\count270
\Gm@cntv=\count271
\c@Gm@tempcnt=\count272
\Gm@bindingoffset=\dimen143
\Gm@wd@mp=\dimen144
\Gm@odd@mp=\dimen145
\Gm@even@mp=\dimen146
\Gm@layoutwidth=\dimen147
\Gm@layoutheight=\dimen148
\Gm@layouthoffset=\dimen149
\Gm@layoutvoffset=\dimen150
\Gm@dimlist=\toks18
) (c:/texlive/2024/texmf-dist/tex/latex/appendix/appendix.sty
Package: appendix 2020/02/08 v1.2c extra appendix facilities
\c@@pps=\count273
\c@@ppsavesec=\count274
\c@@ppsaveapp=\count275
) (c:/texlive/2024/texmf-dist/tex/latex/url/url.sty
\Urlmuskip=\muskip17
Package: url 2013/09/16  ver 3.4  Verb mode for urls, etc.
) (c:/texlive/2024/texmf-dist/tex/latex/caption/caption.sty
Package: caption 2023/08/05 v3.6o Customizing captions (AR)
 (c:/texlive/2024/texmf-dist/tex/latex/caption/caption3.sty
Package: caption3 2023/07/31 v2.4d caption3 kernel (AR)
\caption@tempdima=\dimen151
\captionmargin=\dimen152
\caption@leftmargin=\dimen153
\caption@rightmargin=\dimen154
\caption@width=\dimen155
\caption@indent=\dimen156
\caption@parindent=\dimen157
\caption@hangindent=\dimen158
Package caption Info: Standard document class detected.
)
\c@caption@flags=\count276
\c@continuedfloat=\count277
) (c:/texlive/2024/texmf-dist/tex/latex/subfigure/subfigure.sty
Package: subfigure 2002/03/15 v2.1.5 subfigure package
\subfigtopskip=\skip51
\subfigcapskip=\skip52
\subfigcaptopadj=\dimen159
\subfigbottomskip=\skip53
\subfigcapmargin=\dimen160
\subfiglabelskip=\skip54
\c@subfigure=\count278
\c@lofdepth=\count279
\c@subtable=\count280
\c@lotdepth=\count281

****************************************
* Local config file subfigure.cfg used *
****************************************
(c:/texlive/2024/texmf-dist/tex/latex/subfigure/subfigure.cfg)
\subfig@top=\skip55
\subfig@bottom=\skip56
) (c:/texlive/2024/texmf-dist/tex/latex/caption/subcaption.sty
Package: subcaption 2023/07/28 v1.6b Sub-captions (AR)
LaTeX Info: Redefining \subref on input line 189.
Package subcaption Info: The counter `subfigure' was already defined by
(subcaption)             an unknown document class or package on input line 238.
Package subcaption Info: The counter `subtable' was already defined by
(subcaption)             an unknown document class or package on input line 238.
) (c:/texlive/2024/texmf-dist/tex/latex/psnfss/mathpazo.sty
Package: mathpazo 2020/03/25 PSNFSS-v9.3 Palatino w/ Pazo Math (D.Puga, WaS) 
\symupright=\mathgroup4
) (c:/texlive/2024/texmf-dist/tex/latex/base/fontenc.sty
Package: fontenc 2021/04/29 v2.0v Standard LaTeX package
LaTeX Font Info:    Trying to load font information for T1+pplx on input line 116.
 (c:/texlive/2024/texmf-dist/tex/latex/psnfss/t1pplx.fd
File: t1pplx.fd 2004/09/06 font definitions for T1/pplx.
)) (c:/texlive/2024/texmf-dist/tex/latex/base/inputenc.sty
Package: inputenc 2024/02/08 v1.3d Input encoding file
\inpenc@prehook=\toks19
\inpenc@posthook=\toks20
) (c:/texlive/2024/texmf-dist/tex/latex/microtype/microtype.sty
Package: microtype 2024/12/12 v3.2 Micro-typographical refinements (RS)
 (c:/texlive/2024/texmf-dist/tex/latex/etoolbox/etoolbox.sty
Package: etoolbox 2020/10/05 v2.5k e-TeX tools for LaTeX (JAW)
\etb@tempcnta=\count282
)
\MT@toks=\toks21
\MT@tempbox=\box52
\MT@count=\count283
LaTeX Info: Redefining \noprotrusionifhmode on input line 1075.
LaTeX Info: Redefining \leftprotrusion on input line 1076.
\MT@prot@toks=\toks22
LaTeX Info: Redefining \rightprotrusion on input line 1095.
LaTeX Info: Redefining \textls on input line 1437.
\MT@outer@kern=\dimen161
LaTeX Info: Redefining \microtypecontext on input line 2041.
LaTeX Info: Redefining \textmicrotypecontext on input line 2058.
\MT@listname@count=\count284
 (c:/texlive/2024/texmf-dist/tex/latex/microtype/microtype-pdftex.def
File: microtype-pdftex.def 2024/12/12 v3.2 Definitions specific to pdftex (RS)
LaTeX Info: Redefining \lsstyle on input line 944.
LaTeX Info: Redefining \lslig on input line 944.
\MT@outer@space=\skip57
)
Package microtype Info: Loading configuration file microtype.cfg.
 (c:/texlive/2024/texmf-dist/tex/latex/microtype/microtype.cfg
File: microtype.cfg 2024/12/12 v3.2 microtype main configuration file (RS)
)
LaTeX Info: Redefining \microtypesetup on input line 3053.
) (c:/texlive/2024/texmf-dist/tex/generic/babel/babel.sty
Package: babel 2025/01/25 v25.2 The multilingual framework for pdfLaTeX, LuaLaTeX and XeLaTeX
\babel@savecnt=\count285
\U@D=\dimen162
\l@unhyphenated=\language89
 (c:/texlive/2024/texmf-dist/tex/generic/babel/txtbabel.def)
\bbl@readstream=\read2
\bbl@dirlevel=\count286
 (c:/texlive/2024/texmf-dist/tex/generic/babel-spanish/spanish.ldf
Language: spanish.ldf 2021/05/27 v5.0q Spanish support from the babel system
\es@quottoks=\toks23
\es@quotdepth=\count287
Package babel Info: Making " an active character on input line 570.
Package babel Info: Making . an active character on input line 675.
Package babel Info: Making < an active character on input line 722.
Package babel Info: Making > an active character on input line 722.
Package babel Info: Making ' an active character on input line 740.
)) (c:/texlive/2024/texmf-dist/tex/generic/babel/locale/es/babel-spanish.tex
Package babel Info: Importing font and identification data for spanish
(babel)             from babel-es.ini. Reported on input line 11.
) (c:/texlive/2024/texmf-dist/tex/latex/tools/verbatim.sty
Package: verbatim 2024-01-22 v1.5x LaTeX2e package for verbatim enhancements
\every@verbatim=\toks24
\verbatim@line=\toks25
\verbatim@in@stream=\read3
) (c:/texlive/2024/texmf-dist/tex/latex/listings/listings.sty
\lst@mode=\count288
\lst@gtempboxa=\box53
\lst@token=\toks26
\lst@length=\count289
\lst@currlwidth=\dimen163
\lst@column=\count290
\lst@pos=\count291
\lst@lostspace=\dimen164
\lst@width=\dimen165
\lst@newlines=\count292
\lst@lineno=\count293
\lst@maxwidth=\dimen166
 (c:/texlive/2024/texmf-dist/tex/latex/listings/lstpatch.sty
File: lstpatch.sty 2024/09/23 1.10c (Carsten Heinz)
) (c:/texlive/2024/texmf-dist/tex/latex/listings/lstmisc.sty
File: lstmisc.sty 2024/09/23 1.10c (Carsten Heinz)
\c@lstnumber=\count294
\lst@skipnumbers=\count295
\lst@framebox=\box54
) (c:/texlive/2024/texmf-dist/tex/latex/listings/listings.cfg
File: listings.cfg 2024/09/23 1.10c listings configuration
))
Package: listings 2024/09/23 1.10c (Carsten Heinz)
 (c:/texlive/2024/texmf-dist/tex/latex/xcolor/xcolor.sty
Package: xcolor 2024/09/29 v3.02 LaTeX color extensions (UK)
 (c:/texlive/2024/texmf-dist/tex/latex/graphics-cfg/color.cfg
File: color.cfg 2016/01/02 v1.6 sample color configuration
)
Package xcolor Info: Driver file: pdftex.def on input line 274.
 (c:/texlive/2024/texmf-dist/tex/latex/graphics-def/pdftex.def
File: pdftex.def 2024/04/13 v1.2c Graphics/color driver for pdftex
) (c:/texlive/2024/texmf-dist/tex/latex/graphics/mathcolor.ltx)
Package xcolor Info: Model `cmy' substituted by `cmy0' on input line 1349.
Package xcolor Info: Model `hsb' substituted by `rgb' on input line 1353.
Package xcolor Info: Model `RGB' extended on input line 1365.
Package xcolor Info: Model `HTML' substituted by `rgb' on input line 1367.
Package xcolor Info: Model `Hsb' substituted by `hsb' on input line 1368.
Package xcolor Info: Model `tHsb' substituted by `hsb' on input line 1369.
Package xcolor Info: Model `HSB' substituted by `hsb' on input line 1370.
Package xcolor Info: Model `Gray' substituted by `gray' on input line 1371.
Package xcolor Info: Model `wave' substituted by `hsb' on input line 1372.
) (c:/texlive/2024/texmf-dist/tex/latex/wrapfig/wrapfig.sty
\wrapoverhang=\dimen167
\WF@size=\dimen168
\c@WF@wrappedlines=\count296
\WF@box=\box55
\WF@everypar=\toks27
Package: wrapfig 2003/01/31  v 3.6
) (c:/texlive/2024/texmf-dist/tex/latex/natbib/natbib.sty
Package: natbib 2010/09/13 8.31b (PWD, AO)
\bibhang=\skip58
\bibsep=\skip59
LaTeX Info: Redefining \cite on input line 694.
\c@NAT@ctr=\count297
) (c:/texlive/2024/texmf-dist/tex/latex/enumitem/enumitem.sty
Package: enumitem 2025/01/19 v3.10 Customized lists
\labelindent=\skip60
\enit@outerparindent=\dimen169
\enit@toks=\toks28
\enit@inbox=\box56
\enit@count@id=\count298
\enitdp@description=\count299
) (c:/texlive/2024/texmf-dist/tex/latex/titlesec/titlesec.sty
Package: titlesec 2025/01/04 v2.17 Sectioning titles
\ttl@box=\box57
\beforetitleunit=\skip61
\aftertitleunit=\skip62
\ttl@plus=\dimen170
\ttl@minus=\dimen171
\ttl@toksa=\toks29
\titlewidth=\dimen172
\titlewidthlast=\dimen173
\titlewidthfirst=\dimen174
) (c:/texlive/2024/texmf-dist/tex/latex/fancyhdr/fancyhdr.sty
Package: fancyhdr 2025/01/07 v5.1.1 Extensive control of page headers and footers
\f@nch@headwidth=\skip63
\f@nch@offset@elh=\skip64
\f@nch@offset@erh=\skip65
\f@nch@offset@olh=\skip66
\f@nch@offset@orh=\skip67
\f@nch@offset@elf=\skip68
\f@nch@offset@erf=\skip69
\f@nch@offset@olf=\skip70
\f@nch@offset@orf=\skip71
\f@nch@height=\skip72
\f@nch@footalignment=\skip73
\f@nch@widthL=\skip74
\f@nch@widthC=\skip75
\f@nch@widthR=\skip76
\@temptokenb=\toks30
) (c:/texlive/2024/texmf-dist/tex/latex/titling/titling.sty
Package: titling 2009/09/04 v2.1d maketitle typesetting
\thanksmarkwidth=\skip77
\thanksmargin=\skip78
\droptitle=\skip79
) (c:/texlive/2024/texmf-dist/tex/latex/hyperref/hyperref.sty
Package: hyperref 2024-11-05 v7.01l Hypertext links for LaTeX
 (c:/texlive/2024/texmf-dist/tex/latex/kvsetkeys/kvsetkeys.sty
Package: kvsetkeys 2022-10-05 v1.19 Key value parser (HO)
) (c:/texlive/2024/texmf-dist/tex/generic/kvdefinekeys/kvdefinekeys.sty
Package: kvdefinekeys 2019-12-19 v1.6 Define keys (HO)
) (c:/texlive/2024/texmf-dist/tex/generic/pdfescape/pdfescape.sty
Package: pdfescape 2019/12/09 v1.15 Implements pdfTeX's escape features (HO)
 (c:/texlive/2024/texmf-dist/tex/generic/ltxcmds/ltxcmds.sty
Package: ltxcmds 2023-12-04 v1.26 LaTeX kernel commands for general use (HO)
) (c:/texlive/2024/texmf-dist/tex/generic/pdftexcmds/pdftexcmds.sty
Package: pdftexcmds 2020-06-27 v0.33 Utility functions of pdfTeX for LuaTeX (HO)
 (c:/texlive/2024/texmf-dist/tex/generic/infwarerr/infwarerr.sty
Package: infwarerr 2019/12/03 v1.5 Providing info/warning/error messages (HO)
)
Package pdftexcmds Info: \pdf@primitive is available.
Package pdftexcmds Info: \pdf@ifprimitive is available.
Package pdftexcmds Info: \pdfdraftmode found.
)) (c:/texlive/2024/texmf-dist/tex/latex/hycolor/hycolor.sty
Package: hycolor 2020-01-27 v1.10 Color options for hyperref/bookmark (HO)
) (c:/texlive/2024/texmf-dist/tex/latex/hyperref/nameref.sty
Package: nameref 2023-11-26 v2.56 Cross-referencing by name of section
 (c:/texlive/2024/texmf-dist/tex/latex/refcount/refcount.sty
Package: refcount 2019/12/15 v3.6 Data extraction from label references (HO)
) (c:/texlive/2024/texmf-dist/tex/generic/gettitlestring/gettitlestring.sty
Package: gettitlestring 2019/12/15 v1.6 Cleanup title references (HO)
 (c:/texlive/2024/texmf-dist/tex/latex/kvoptions/kvoptions.sty
Package: kvoptions 2022-06-15 v3.15 Key value format for package options (HO)
))
\c@section@level=\count300
) (c:/texlive/2024/texmf-dist/tex/generic/stringenc/stringenc.sty
Package: stringenc 2019/11/29 v1.12 Convert strings between diff. encodings (HO)
)
\@linkdim=\dimen175
\Hy@linkcounter=\count301
\Hy@pagecounter=\count302
 (c:/texlive/2024/texmf-dist/tex/latex/hyperref/pd1enc.def
File: pd1enc.def 2024-11-05 v7.01l Hyperref: PDFDocEncoding definition (HO)
Now handling font encoding PD1 ...
... no UTF-8 mapping file for font encoding PD1
) (c:/texlive/2024/texmf-dist/tex/generic/intcalc/intcalc.sty
Package: intcalc 2019/12/15 v1.3 Expandable calculations with integers (HO)
)
\Hy@SavedSpaceFactor=\count303
 (c:/texlive/2024/texmf-dist/tex/latex/hyperref/puenc.def
File: puenc.def 2024-11-05 v7.01l Hyperref: PDF Unicode definition (HO)
Now handling font encoding PU ...
... no UTF-8 mapping file for font encoding PU
)
Package hyperref Info: Option `breaklinks' set `true' on input line 4040.
Package hyperref Info: Hyper figures OFF on input line 4157.
Package hyperref Info: Link nesting OFF on input line 4162.
Package hyperref Info: Hyper index ON on input line 4165.
Package hyperref Info: Plain pages OFF on input line 4172.
Package hyperref Info: Backreferencing OFF on input line 4177.
Package hyperref Info: Implicit mode ON; LaTeX internals redefined.
Package hyperref Info: Bookmarks ON on input line 4424.
\c@Hy@tempcnt=\count304
LaTeX Info: Redefining \url on input line 4763.
\XeTeXLinkMargin=\dimen176
 (c:/texlive/2024/texmf-dist/tex/generic/bitset/bitset.sty
Package: bitset 2019/12/09 v1.3 Handle bit-vector datatype (HO)
 (c:/texlive/2024/texmf-dist/tex/generic/bigintcalc/bigintcalc.sty
Package: bigintcalc 2019/12/15 v1.5 Expandable calculations on big integers (HO)
))
\Fld@menulength=\count305
\Field@Width=\dimen177
\Fld@charsize=\dimen178
Package hyperref Info: Hyper figures OFF on input line 6042.
Package hyperref Info: Link nesting OFF on input line 6047.
Package hyperref Info: Hyper index ON on input line 6050.
Package hyperref Info: backreferencing OFF on input line 6057.
Package hyperref Info: Link coloring OFF on input line 6062.
Package hyperref Info: Link coloring with OCG OFF on input line 6067.
Package hyperref Info: PDF/A mode OFF on input line 6072.
 (c:/texlive/2024/texmf-dist/tex/latex/base/atbegshi-ltx.sty
Package: atbegshi-ltx 2021/01/10 v1.0c Emulation of the original atbegshi
package with kernel methods
)
\Hy@abspage=\count306
\c@Item=\count307
\c@Hfootnote=\count308
)
Package hyperref Info: Driver (autodetected): hpdftex.
 (c:/texlive/2024/texmf-dist/tex/latex/hyperref/hpdftex.def
File: hpdftex.def 2024-11-05 v7.01l Hyperref driver for pdfTeX
 (c:/texlive/2024/texmf-dist/tex/latex/base/atveryend-ltx.sty
Package: atveryend-ltx 2020/08/19 v1.0a Emulation of the original atveryend package
with kernel methods
)
\Fld@listcount=\count309
\c@bookmark@seq@number=\count310
 (c:/texlive/2024/texmf-dist/tex/latex/rerunfilecheck/rerunfilecheck.sty
Package: rerunfilecheck 2022-07-10 v1.10 Rerun checks for auxiliary files (HO)
 (c:/texlive/2024/texmf-dist/tex/generic/uniquecounter/uniquecounter.sty
Package: uniquecounter 2019/12/15 v1.4 Provide unlimited unique counter (HO)
)
Package uniquecounter Info: New unique counter `rerunfilecheck' on input line 285.
)
\Hy@SectionHShift=\skip80
) (c:/texlive/2024/texmf-dist/tex/latex/graphics/graphicx.sty
Package: graphicx 2021/09/16 v1.2d Enhanced LaTeX Graphics (DPC,SPQR)
 (c:/texlive/2024/texmf-dist/tex/latex/graphics/graphics.sty
Package: graphics 2024/08/06 v1.4g Standard LaTeX Graphics (DPC,SPQR)
 (c:/texlive/2024/texmf-dist/tex/latex/graphics/trig.sty
Package: trig 2023/12/02 v1.11 sin cos tan (DPC)
) (c:/texlive/2024/texmf-dist/tex/latex/graphics-cfg/graphics.cfg
File: graphics.cfg 2016/06/04 v1.11 sample graphics configuration
)
Package graphics Info: Driver file: pdftex.def on input line 106.
)
\Gin@req@height=\dimen179
\Gin@req@width=\dimen180
) (c:/texlive/2024/texmf-dist/tex/latex/l3backend/l3backend-pdftex.def
File: l3backend-pdftex.def 2024-05-08 L3 backend support: PDF output (pdfTeX)
\l__color_backend_stack_int=\count311
\l__pdf_internal_box=\box58
) (./HugoGomezSabucedo.aux
LaTeX Info: Redefining \. on input line 12.
LaTeX Info: Redefining \% on input line 12.
)
\openout1 = `HugoGomezSabucedo.aux'.

LaTeX Font Info:    Checking defaults for OML/cmm/m/it on input line 102.
LaTeX Font Info:    ... okay on input line 102.
LaTeX Font Info:    Checking defaults for OMS/cmsy/m/n on input line 102.
LaTeX Font Info:    ... okay on input line 102.
LaTeX Font Info:    Checking defaults for OT1/cmr/m/n on input line 102.
LaTeX Font Info:    ... okay on input line 102.
LaTeX Font Info:    Checking defaults for T1/cmr/m/n on input line 102.
LaTeX Font Info:    ... okay on input line 102.
LaTeX Font Info:    Checking defaults for TS1/cmr/m/n on input line 102.
LaTeX Font Info:    ... okay on input line 102.
LaTeX Font Info:    Checking defaults for OMX/cmex/m/n on input line 102.
LaTeX Font Info:    ... okay on input line 102.
LaTeX Font Info:    Checking defaults for U/cmr/m/n on input line 102.
LaTeX Font Info:    ... okay on input line 102.
LaTeX Font Info:    Checking defaults for PD1/pdf/m/n on input line 102.
LaTeX Font Info:    ... okay on input line 102.
LaTeX Font Info:    Checking defaults for PU/pdf/m/n on input line 102.
LaTeX Font Info:    ... okay on input line 102.

*geometry* driver: auto-detecting
*geometry* detected driver: pdftex
*geometry* verbose mode - [ preamble ] result:
* driver: pdftex
* paper: a4paper
* layout: <same size as paper>
* layoutoffset:(h,v)=(0.0pt,0.0pt)
* modes: 
* h-part:(L,W,R)=(89.62709pt, 418.25368pt, 89.6271pt)
* v-part:(T,H,B)=(101.40665pt, 591.5302pt, 152.11pt)
* \paperwidth=597.50787pt
* \paperheight=845.04684pt
* \textwidth=418.25368pt
* \textheight=591.5302pt
* \oddsidemargin=17.3571pt
* \evensidemargin=17.3571pt
* \topmargin=-7.86334pt
* \headheight=12.0pt
* \headsep=25.0pt
* \topskip=10.0pt
* \footskip=30.0pt
* \marginparwidth=57.0pt
* \marginparsep=11.0pt
* \columnsep=10.0pt
* \skip\footins=9.0pt plus 4.0pt minus 2.0pt
* \hoffset=0.0pt
* \voffset=0.0pt
* \mag=1000
* \@twocolumnfalse
* \@twosidefalse
* \@mparswitchfalse
* \@reversemarginfalse
* (1in=72.27pt=25.4mm, 1cm=28.453pt)

Package caption Info: Begin \AtBeginDocument code.
Package caption Info: hyperref package is loaded.
Package caption Info: listings package is loaded.
Package caption Info: subfigure package is loaded.
Package caption Info: wrapfig package is loaded.
Package caption Info: End \AtBeginDocument code.
\big@size=\dimen181
LaTeX Info: Redefining \microtypecontext on input line 102.
Package microtype Info: Applying patch `item' on input line 102.
Package microtype Info: Applying patch `toc' on input line 102.
Package microtype Info: Applying patch `eqnum' on input line 102.
Package microtype Info: Applying patch `footnote' on input line 102.
Package microtype Info: Applying patch `verbatim' on input line 102.
LaTeX Info: Redefining \microtypesetup on input line 102.
Package microtype Info: Generating PDF output.
Package microtype Info: Character protrusion enabled (level 2).
Package microtype Info: Using default protrusion set `alltext'.
Package microtype Info: Automatic font expansion enabled (level 2),
(microtype)             stretch: 20, shrink: 20, step: 1, non-selected.
Package microtype Info: Using default expansion set `alltext-nott'.
LaTeX Info: Redefining \showhyphens on input line 102.
Package microtype Info: No adjustment of tracking.
Package microtype Info: No adjustment of interword spacing.
Package microtype Info: No adjustment of character kerning.
(c:/texlive/2024/texmf-dist/tex/latex/microtype/mt-ppl.cfg
File: mt-ppl.cfg 2005/11/16 v1.6 microtype config. file: Palatino (RS)
)
LaTeX Info: Redefining \. on input line 102.
LaTeX Info: Redefining \% on input line 102.
\c@lstlisting=\count312
 (c:/texlive/2024/texmf-dist/tex/context/base/mkii/supp-pdf.mkii
[Loading MPS to PDF converter (version 2006.09.02).]
\scratchcounter=\count313
\scratchdimen=\dimen182
\scratchbox=\box59
\nofMPsegments=\count314
\nofMParguments=\count315
\everyMPshowfont=\toks31
\MPscratchCnt=\count316
\MPscratchDim=\dimen183
\MPnumerator=\count317
\makeMPintoPDFobject=\count318
\everyMPtoPDFconversion=\toks32
) (c:/texlive/2024/texmf-dist/tex/latex/epstopdf-pkg/epstopdf-base.sty
Package: epstopdf-base 2020-01-24 v2.11 Base part for package epstopdf
Package epstopdf-base Info: Redefining graphics rule for `.eps' on input line 485.
 (c:/texlive/2024/texmf-dist/tex/latex/latexconfig/epstopdf-sys.cfg
File: epstopdf-sys.cfg 2010/07/13 v1.3 Configuration of (r)epstopdf for TeX Live
))
Package hyperref Info: Link coloring OFF on input line 102.
 (./HugoGomezSabucedo.out) (./HugoGomezSabucedo.out)
\@outlinefile=\write3
\openout3 = `HugoGomezSabucedo.out'.

LaTeX Font Info:    Trying to load font information for OT1+pplx on input line 105.
 (c:/texlive/2024/texmf-dist/tex/latex/psnfss/ot1pplx.fd
File: ot1pplx.fd 2004/09/06 font definitions for OT1/pplx.
)
LaTeX Font Info:    Trying to load font information for OML+zplm on input line 105.
 (c:/texlive/2024/texmf-dist/tex/latex/psnfss/omlzplm.fd
File: omlzplm.fd 2002/09/08 Fontinst v1.914 font definitions for OML/zplm.
)
LaTeX Font Info:    Trying to load font information for OMS+zplm on input line 105.
 (c:/texlive/2024/texmf-dist/tex/latex/psnfss/omszplm.fd
File: omszplm.fd 2002/09/08 Fontinst v1.914 font definitions for OMS/zplm.
)
LaTeX Font Info:    Trying to load font information for OMX+zplm on input line 105.
 (c:/texlive/2024/texmf-dist/tex/latex/psnfss/omxzplm.fd
File: omxzplm.fd 2002/09/08 Fontinst v1.914 font definitions for OMX/zplm.
)
LaTeX Font Info:    Trying to load font information for OT1+zplm on input line 105.
 (c:/texlive/2024/texmf-dist/tex/latex/psnfss/ot1zplm.fd
File: ot1zplm.fd 2002/09/08 Fontinst v1.914 font definitions for OT1/zplm.
)
Package microtype Info: Loading generic protrusion settings for font family
(microtype)             `zplm' (encoding: OT1).
(microtype)             For optimal results, create family-specific settings.
(microtype)             See the microtype manual for details.
Package microtype Info: Character `029' is missing
(microtype)             in font `T1/pplx/m/sc/12'.
(microtype)             Ignoring protrusion settings for this character.
Package microtype Info: Character `029' is missing
(microtype)             in font `T1/pplx/m/sc/24.88'.
(microtype)             Ignoring protrusion settings for this character.


[1

{c:/texlive/2024/texmf-var/fonts/map/pdftex/updmap/pdftex.map}{c:/texlive/2024/texmf-dist/fonts/enc/dvips/base/8r.enc}] (./HugoGomezSabucedo.toc
LaTeX Info: Redefining \. on input line 1.
LaTeX Info: Redefining \% on input line 1.
)
\tf@toc=\write4
\openout4 = `HugoGomezSabucedo.toc'.



[2]
Package microtype Info: Loading generic protrusion settings for font family
(microtype)             `cmtt' (encoding: T1).
(microtype)             For optimal results, create family-specific settings.
(microtype)             See the microtype manual for details.
 (c:/texlive/2024/texmf-dist/tex/latex/listings/lstlang1.sty
File: lstlang1.sty 2024/09/23 1.10c listings language file
)

[3{c:/texlive/2024/texmf-dist/fonts/enc/dvips/cm-super/cm-super-t1.enc}]
LaTeX Font Info:    Font shape `T1/cmtt/bx/n' in size <9> not available
(Font)              Font shape `T1/cmtt/m/n' tried instead on input line 158.
<ejecuciones/analizar_categoricas.png, id=103, 717.43031pt x 699.36281pt>
File: ejecuciones/analizar_categoricas.png Graphic file (type png)
<use ejecuciones/analizar_categoricas.png>
Package pdftex.def Info: ejecuciones/analizar_categoricas.png  used on input line 182.
(pdftex.def)             Requested size: 128.0374pt x 124.81273pt.


[4 <./ejecuciones/analizar_categoricas.png>]

[5]
<ejecuciones/descriptivos.png, id=157, 965.10562pt x 1178.90437pt>
File: ejecuciones/descriptivos.png Graphic file (type png)
<use ejecuciones/descriptivos.png>
Package pdftex.def Info: ejecuciones/descriptivos.png  used on input line 234.
(pdftex.def)             Requested size: 227.62204pt x 278.03194pt.


Package wrapfig Warning: wrapfigure used inside a conflicting environment on input line 240.


Package wrapfig Warning: wrapfigure used inside a conflicting environment on input line 241.


Package wrapfig Warning: wrapfigure used inside a conflicting environment on input line 241.


Package wrapfig Warning: wrapfigure used inside a conflicting environment on input line 241.


Package wrapfig Warning: wrapfigure used inside a conflicting environment on input line 241.


Package wrapfig Warning: wrapfigure used inside a conflicting environment on input line 241.


Package wrapfig Warning: wrapfigure used inside a conflicting environment on input line 242.


Package wrapfig Warning: wrapfigure used inside a conflicting environment on input line 242.


Package wrapfig Warning: wrapfigure used inside a conflicting environment on input line 242.


Package wrapfig Warning: wrapfigure used inside a conflicting environment on input line 242.


Package wrapfig Warning: wrapfigure used inside a conflicting environment on input line 242.


Package wrapfig Warning: wrapfigure used inside a conflicting environment on input line 243.


Package wrapfig Warning: wrapfigure used inside a conflicting environment on input line 243.


Package wrapfig Warning: wrapfigure used inside a conflicting environment on input line 243.


Package wrapfig Warning: wrapfigure used inside a conflicting environment on input line 243.


Package wrapfig Warning: wrapfigure used inside a conflicting environment on input line 243.


Package wrapfig Warning: wrapfigure used inside a conflicting environment on input line 244.


Package wrapfig Warning: wrapfigure used inside a conflicting environment on input line 244.


Package wrapfig Warning: wrapfigure used inside a conflicting environment on input line 244.


Package wrapfig Warning: wrapfigure used inside a conflicting environment on input line 244.


Package wrapfig Warning: wrapfigure used inside a conflicting environment on input line 244.


Package wrapfig Warning: wrapfigure used inside a conflicting environment on input line 245.


Package wrapfig Warning: wrapfigure used inside a conflicting environment on input line 245.


Package wrapfig Warning: wrapfigure used inside a conflicting environment on input line 245.


Package wrapfig Warning: wrapfigure used inside a conflicting environment on input line 245.


Package wrapfig Warning: wrapfigure used inside a conflicting environment on input line 245.


Package wrapfig Warning: wrapfigure used inside a conflicting environment on input line 246.


Package wrapfig Warning: wrapfigure used inside a conflicting environment on input line 246.


Package wrapfig Warning: wrapfigure used inside a conflicting environment on input line 246.


Package wrapfig Warning: wrapfigure used inside a conflicting environment on input line 246.


Package wrapfig Warning: wrapfigure used inside a conflicting environment on input line 246.


Package wrapfig Warning: wrapfigure used inside a conflicting environment on input line 247.


Package wrapfig Warning: wrapfigure used inside a conflicting environment on input line 247.


Package wrapfig Warning: wrapfigure used inside a conflicting environment on input line 247.


Package wrapfig Warning: wrapfigure used inside a conflicting environment on input line 247.


Package wrapfig Warning: wrapfigure used inside a conflicting environment on input line 247.


Package wrapfig Warning: wrapfigure used inside a conflicting environment on input line 248.


Package wrapfig Warning: wrapfigure used inside a conflicting environment on input line 248.


Package wrapfig Warning: wrapfigure used inside a conflicting environment on input line 248.


Package wrapfig Warning: wrapfigure used inside a conflicting environment on input line 248.


Package wrapfig Warning: wrapfigure used inside a conflicting environment on input line 248.


Package wrapfig Warning: wrapfigure used inside a conflicting environment on input line 249.


Package wrapfig Warning: wrapfigure used inside a conflicting environment on input line 249.


Package wrapfig Warning: wrapfigure used inside a conflicting environment on input line 249.


Package wrapfig Warning: wrapfigure used inside a conflicting environment on input line 249.


Package wrapfig Warning: wrapfigure used inside a conflicting environment on input line 249.


Package wrapfig Warning: wrapfigure used inside a conflicting environment on input line 250.


Package wrapfig Warning: wrapfigure used inside a conflicting environment on input line 250.


Package wrapfig Warning: wrapfigure used inside a conflicting environment on input line 250.


Package wrapfig Warning: wrapfigure used inside a conflicting environment on input line 250.


Package wrapfig Warning: wrapfigure used inside a conflicting environment on input line 250.


Package wrapfig Warning: wrapfigure used inside a conflicting environment on input line 251.


Package wrapfig Warning: wrapfigure used inside a conflicting environment on input line 251.


Underfull \hbox (badness 2644) in paragraph at lines 253--256
[]\T1/pplx/m/n/10 (+20) Una vez he-mos ana-li-za-do to-dos
 []


Underfull \hbox (badness 2478) in paragraph at lines 253--256
\T1/pplx/m/n/10 (+20) evi-den-te-men-te es im-po-si-ble de-tec-tar
 []


Underfull \hbox (badness 1688) in paragraph at lines 253--256
\T1/pplx/m/n/10 (+20) to-dos los erro-res que pre-sen-tan los
 []


Underfull \hbox (badness 10000) in paragraph at lines 253--256

 []



[6 <./ejecuciones/descriptivos.png>]
<ejecuciones/CCAA_porabst.png, id=181, 273.27094pt x 314.67563pt>
File: ejecuciones/CCAA_porabst.png Graphic file (type png)
<use ejecuciones/CCAA_porabst.png>
Package pdftex.def Info: ejecuciones/CCAA_porabst.png  used on input line 279.
(pdftex.def)             Requested size: 109.79349pt x 126.4298pt.
<ejecuciones/CCAA_reagrupadas.png, id=182, 294.34969pt x 170.88844pt>
File: ejecuciones/CCAA_reagrupadas.png Graphic file (type png)
<use ejecuciones/CCAA_reagrupadas.png>
Package pdftex.def Info: ejecuciones/CCAA_reagrupadas.png  used on input line 286.
(pdftex.def)             Requested size: 146.39133pt x 84.99028pt.

Underfull \hbox (badness 10000) in paragraph at lines 310--313
[]\T1/pplx/m/n/10 (+20) Una vez he-cho es-to, de-fi-ni-mos las va-ria-bles ob-je-ti-vo \T1/cmtt/m/n/10 varObjCont =
 []


Underfull \hbox (badness 6032) in paragraph at lines 310--313
\T1/cmtt/m/n/10 datos[`AbstentionPtge`] \T1/pplx/m/n/10 (+20) y \T1/cmtt/m/n/10 varObjBin = datos[`Izquierda`]\T1/pplx/m/n/10 (+20) , y eli-mi-na-mos to-das
 []



[7 <./ejecuciones/CCAA_porabst.png> <./ejecuciones/CCAA_reagrupadas.png>]
<ejecuciones/perdidos.png, id=203, 841.64438pt x 787.44188pt>
File: ejecuciones/perdidos.png Graphic file (type png)
<use ejecuciones/perdidos.png>
Package pdftex.def Info: ejecuciones/perdidos.png  used on input line 338.
(pdftex.def)             Requested size: 209.12683pt x 195.65845pt.
<ejecuciones/perdidos_porvar.png, id=204, 294.34969pt x 555.57562pt>
File: ejecuciones/perdidos_porvar.png Graphic file (type png)
<use ejecuciones/perdidos_porvar.png>
Package pdftex.def Info: ejecuciones/perdidos_porvar.png  used on input line 345.
(pdftex.def)             Requested size: 83.64944pt x 157.8829pt.


LaTeX Warning: `!h' float specifier changed to `!ht'.



[8]

[9 <./ejecuciones/perdidos.png> <./ejecuciones/perdidos_porvar.png>]
LaTeX Font Info:    Font shape `T1/cmtt/bx/n' in size <10> not available
(Font)              Font shape `T1/cmtt/m/n' tried instead on input line 391.
<ejecuciones/vcramer_bin.png, id=236, 774.895pt x 386.94562pt>
File: ejecuciones/vcramer_bin.png Graphic file (type png)
<use ejecuciones/vcramer_bin.png>
Package pdftex.def Info: ejecuciones/vcramer_bin.png  used on input line 412.
(pdftex.def)             Requested size: 209.12683pt x 104.42357pt.
<ejecuciones/vcramer_cont.png, id=237, 774.895pt x 386.94562pt>
File: ejecuciones/vcramer_cont.png Graphic file (type png)
<use ejecuciones/vcramer_cont.png>
Package pdftex.def Info: ejecuciones/vcramer_cont.png  used on input line 418.
(pdftex.def)             Requested size: 209.12683pt x 104.42357pt.


LaTeX Warning: `!h' float specifier changed to `!ht'.



[10]
<ejecuciones/matCorr.png, id=252, 962.09438pt x 739.26187pt>
File: ejecuciones/matCorr.png Graphic file (type png)
<use ejecuciones/matCorr.png>
Package pdftex.def Info: ejecuciones/matCorr.png  used on input line 439.
(pdftex.def)             Requested size: 292.77629pt x 224.97256pt.


[11 <./ejecuciones/vcramer_bin.png> <./ejecuciones/vcramer_cont.png> <./ejecuciones/matCorr.png>]

[12]

[13]

LaTeX Warning: No positions in optional float specifier.
               Default added (so using `tbp') on input line 517.

LaTeX Font Info:    Trying to load font information for TS1+pplx on input line 521.
(c:/texlive/2024/texmf-dist/tex/latex/psnfss/ts1pplx.fd
File: ts1pplx.fd 2004/09/06 font definitions for TS1/pplx.
)

[14]

[15]
<ejecuciones/boxplot_lineal.png, id=343, 620.81938pt x 383.4325pt>
File: ejecuciones/boxplot_lineal.png Graphic file (type png)
<use ejecuciones/boxplot_lineal.png>
Package pdftex.def Info: ejecuciones/boxplot_lineal.png  used on input line 627.
(pdftex.def)             Requested size: 209.12683pt x 129.16008pt.


LaTeX Warning: `!h' float specifier changed to `!ht'.


Underfull \hbox (badness 2351) in paragraph at lines 633--637
\T1/pplx/m/n/10 (+20) mien-tras que pa-ra los otros dos (\T1/cmtt/m/n/10 len(frec_ordenada[`Formula`][0].split(`+`)) \T1/pplx/m/n/10 (+20) y
 []



[16]

[17 <./ejecuciones/boxplot_lineal.png>] (./HugoGomezSabucedo.aux
LaTeX Info: Redefining \. on input line 12.
LaTeX Info: Redefining \% on input line 12.
)
 ***********
LaTeX2e <2024-11-01>
L3 programming layer <2024-11-02>
 ***********
Package rerunfilecheck Info: File `HugoGomezSabucedo.out' has not changed.
(rerunfilecheck)             Checksum: 438A6674808207E04AC662795C85F34D;2627.
 ) 
Here is how much of TeX's memory you used:
 19043 strings out of 473362
 302280 string characters out of 5725050
 1157971 words of memory out of 5000000
 41358 multiletter control sequences out of 15000+600000
 620670 words of font info for 321 fonts, out of 8000000 for 9000
 1141 hyphenation exceptions out of 8191
 75i,12n,79p,1171b,2278s stack positions out of 10000i,1000n,20000p,200000b,200000s
<c:/texlive/2024/texmf-dist/fonts/type1/public/fpl/fplrc8a.pfb><c:/texlive/2024/texmf-dist/fonts/type1/public/cm-super/sfit0900.pfb><c:/texlive/2024/texmf-dist/fonts/type1/public/cm-super/sftt0900.pfb><c:/texlive/2024/texmf-dist/fonts/type1/public/cm-super/sftt1000.pfb><c:/texlive/2024/texmf-dist/fonts/type1/urw/palatino/uplb8a.pfb><c:/texlive/2024/texmf-dist/fonts/type1/urw/palatino/uplr8a.pfb><c:/texlive/2024/texmf-dist/fonts/type1/urw/palatino/uplri8a.pfb>
Output written on HugoGomezSabucedo.pdf (17 pages, 1295991 bytes).
PDF statistics:
 466 PDF objects out of 1000 (max. 8388607)
 408 compressed objects within 5 object streams
 220 named destinations out of 1000 (max. 500000)
 88755 words of extra memory for PDF output out of 89155 (max. 10000000)

